c:\users\aliye\source\repos\main_project\main_project\x64\debug\vc143.pdb
c:\users\aliye\source\repos\main_project\main_project\x64\debug\vc143.idb
c:\users\aliye\source\repos\main_project\main_project\x64\debug\qrc_main_project.obj
c:\users\aliye\source\repos\main_project\main_project\x64\debug\moc_signwindow.obj
c:\users\aliye\source\repos\main_project\main_project\x64\debug\moc_mainwindow.obj
c:\users\aliye\source\repos\main_project\main_project\x64\debug\mainwindow.obj
c:\users\aliye\source\repos\main_project\main_project\x64\debug\main.obj
c:\users\aliye\source\repos\main_project\main_project\x64\debug\signwindow.obj
c:\users\aliye\source\repos\main_project\x64\debug\main_project.exe
c:\users\aliye\source\repos\main_project\x64\debug\main_project.pdb
c:\users\aliye\source\repos\main_project\main_project\x64\debug\qt\uic\ui_main_project.h
c:\users\aliye\source\repos\main_project\main_project\x64\debug\qt\rcc\qrc_main_project.cpp
c:\users\aliye\source\repos\main_project\main_project\x64\debug\qt\moc\moc_main_project.cpp
c:\users\aliye\source\repos\main_project\main_project\x64\debug\qt\moc\moc_secondwindow.cpp
c:\users\aliye\source\repos\main_project\main_project\x64\debug\qt\moc\moc_signwindow.cpp
c:\users\aliye\source\repos\main_project\main_project\x64\debug\qt\moc\moc_mainwindow.cpp
c:\users\aliye\source\repos\main_project\main_project\x64\debug\main_project.res
c:\users\aliye\source\repos\main_project\main_project\x64\debug\main_project.ilk
c:\users\aliye\source\repos\main_project\main_project\x64\debug\main_project.obj
c:\users\aliye\source\repos\main_project\main_project\x64\debug\moc_main_project.obj
c:\users\aliye\source\repos\main_project\main_project\x64\debug\moc_secondwindow.obj
c:\users\aliye\source\repos\main_project\main_project\x64\debug\secondwindow.obj
c:\users\aliye\source\repos\main_project\main_project\x64\debug\main_project.tlog\cl.command.1.tlog
c:\users\aliye\source\repos\main_project\main_project\x64\debug\main_project.tlog\cl.items.tlog
c:\users\aliye\source\repos\main_project\main_project\x64\debug\main_project.tlog\cl.read.1.tlog
c:\users\aliye\source\repos\main_project\main_project\x64\debug\main_project.tlog\cl.write.1.tlog
c:\users\aliye\source\repos\main_project\main_project\x64\debug\main_project.tlog\link.command.1.tlog
c:\users\aliye\source\repos\main_project\main_project\x64\debug\main_project.tlog\link.read.1.tlog
c:\users\aliye\source\repos\main_project\main_project\x64\debug\main_project.tlog\link.secondary.1.tlog
c:\users\aliye\source\repos\main_project\main_project\x64\debug\main_project.tlog\link.write.1.tlog
c:\users\aliye\source\repos\main_project\main_project\x64\debug\main_project.tlog\main_project.write.1u.tlog
c:\users\aliye\source\repos\main_project\main_project\x64\debug\main_project.tlog\moc.read.1u.tlog
c:\users\aliye\source\repos\main_project\main_project\x64\debug\main_project.tlog\moc.write.1u.tlog
c:\users\aliye\source\repos\main_project\main_project\x64\debug\main_project.tlog\rc.command.1.tlog
c:\users\aliye\source\repos\main_project\main_project\x64\debug\main_project.tlog\rc.read.1.tlog
c:\users\aliye\source\repos\main_project\main_project\x64\debug\main_project.tlog\rc.write.1.tlog
c:\users\aliye\source\repos\main_project\main_project\x64\debug\main_project.tlog\rcc.read.1u.tlog
c:\users\aliye\source\repos\main_project\main_project\x64\debug\main_project.tlog\rcc.write.1u.tlog
c:\users\aliye\source\repos\main_project\main_project\x64\debug\main_project.tlog\uic.read.1u.tlog
c:\users\aliye\source\repos\main_project\main_project\x64\debug\main_project.tlog\uic.write.1u.tlog
